<?xml version="1.0" encoding="UTF-8"?>
<!-- Generated by org.testng.reporters.JUnitReportReporter -->
<testsuite hostname="zhangbingzhendeMacBook-Pro.local" name="unit.TestRegister" tests="1" failures="0" timestamp="4 Mar 2016 05:39:43 GMT" time="0.000" errors="1">
  <testcase name="testLogin" time="0.000" classname="unit.TestRegister">
    <error type="org.openqa.selenium.WebDriverException" message="Failed to connect to binary FirefoxBinary(/Applications/Firefox.app/Contents/MacOS/firefox-bin) on port 7055; process output follows: 
modules/addons/XPIProvider.jsm:1317:26
TaskImpl_run@resource://gre/modules/Task.jsm:314:40
TaskImpl@resource://gre/modules/Task.jsm:275:3
createAsyncFunction/asyncFunction@resource://gre/modules/Task.jsm:249:14
loadManifestFromFile@resource://gre/modules/addons/XPIProvider.jsm:1327:12
cpAddonInstaller.InstallerService._shouldInstall/&lt;@resource://cmaddoninstaller/installerService.js:321:37
safeCall@resource://gre/modules/AddonManager.jsm:173:5
makeSafe/&lt;@resource://gre/modules/AddonManager.jsm:189:25
Handler.prototype.process@resource://gre/modules/Promise.jsm -&gt; resource://gre/modules/Promise-backend.js:934:23
this.PromiseWalker.walkerLoop@resource://gre/modules/Promise.jsm -&gt; resource://gre/modules/Promise-backend.js:813:7
this.PromiseWalker.scheduleWalkerLoop/&lt;@resource://gre/modules/Promise.jsm -&gt; resource://gre/modules/Promise-backend.js:747:1

*************************
*************************
A coding exception was thrown and uncaught in a Task.

Full message: TypeError: aAddon._installLocation is undefined
Full stack: shouldVerifySignedState@resource://gre/modules/addons/XPIProvider.jsm:1530:1
verifyZipSignedState@resource://gre/modules/addons/XPIProvider.jsm:1556:8
loadManifestFromZipReader@resource://gre/modules/addons/XPIProvider.jsm:1287:31
TaskImpl_run@resource://gre/modules/Task.jsm:314:40
TaskImpl@resource://gre/modules/Task.jsm:275:3
createAsyncFunction/asyncFunction@resource://gre/modules/Task.jsm:249:14
loadManifestFromZipFile@resource://gre/modules/addons/XPIProvider.jsm:1317:26
TaskImpl_run@resource://gre/modules/Task.jsm:314:40
TaskImpl@resource://gre/modules/Task.jsm:275:3
createAsyncFunction/asyncFunction@resource://gre/modules/Task.jsm:249:14
loadManifestFromFile@resource://gre/modules/addons/XPIProvider.jsm:1327:12
cpAddonInstaller.InstallerService._shouldInstall/&lt;@resource://cmaddoninstaller/installerService.js:321:37
safeCall@resource://gre/modules/AddonManager.jsm:173:5
makeSafe/&lt;@resource://gre/modules/AddonManager.jsm:189:25
Handler.prototype.process@resource://gre/modules/Promise.jsm -&gt; resource://gre/modules/Promise-backend.js:934:23
this.PromiseWalker.walkerLoop@resource://gre/modules/Promise.jsm -&gt; resource://gre/modules/Promise-backend.js:813:7
this.PromiseWalker.scheduleWalkerLoop/&lt;@resource://gre/modules/Promise.jsm -&gt; resource://gre/modules/Promise-backend.js:747:1

*************************
*************************
A coding exception was thrown and uncaught in a Task.

Full message: TypeError: aAddon._installLocation is undefined
Full stack: shouldVerifySignedState@resource://gre/modules/addons/XPIProvider.jsm:1530:1
verifyZipSignedState@resource://gre/modules/addons/XPIProvider.jsm:1556:8
loadManifestFromZipReader@resource://gre/modules/addons/XPIProvider.jsm:1287:31
TaskImpl_run@resource://gre/modules/Task.jsm:314:40
TaskImpl@resource://gre/modules/Task.jsm:275:3
createAsyncFunction/asyncFunction@resource://gre/modules/Task.jsm:249:14
loadManifestFromZipFile@resource://gre/modules/addons/XPIProvider.jsm:1317:26
TaskImpl_run@resource://gre/modules/Task.jsm:314:40
TaskImpl@resource://gre/modules/Task.jsm:275:3
createAsyncFunction/asyncFunction@resource://gre/modules/Task.jsm:249:14
loadManifestFromFile@resource://gre/modules/addons/XPIProvider.jsm:1327:12
cpAddonInstaller.InstallerService._shouldInstall/&lt;@resource://cmaddoninstaller/installerService.js:321:37
safeCall@resource://gre/modules/AddonManager.jsm:173:5
makeSafe/&lt;@resource://gre/modules/AddonManager.jsm:189:25
Handler.prototype.process@resource://gre/modules/Promise.jsm -&gt; resource://gre/modules/Promise-backend.js:934:23
this.PromiseWalker.walkerLoop@resource://gre/modules/Promise.jsm -&gt; resource://gre/modules/Promise-backend.js:813:7
this.PromiseWalker.scheduleWalkerLoop/&lt;@resource://gre/modules/Promise.jsm -&gt; resource://gre/modules/Promise-backend.js:747:1

*************************
1457069940211	addons.manager	DEBUG	Starting provider: &lt;unnamed-provider&gt;
1457069940211	addons.manager	DEBUG	Registering shutdown blocker for &lt;unnamed-provider&gt;
1457069940211	addons.manager	DEBUG	Provider finished startup: &lt;unnamed-provider&gt;

Build info: version: &#039;2.44.0&#039;, revision: &#039;76d78cf&#039;, time: &#039;2014-10-23 20:03:00&#039;
System info: host: &#039;zhangbingzhendeMacBook-Pro.local&#039;, ip: &#039;192.168.0.116&#039;, os.name: &#039;Mac OS X&#039;, os.arch: &#039;x86_64&#039;, os.version: &#039;10.10.4&#039;, java.version: &#039;1.8.0_51&#039;
Driver info: driver.version: FirefoxDriver">
      <![CDATA[org.openqa.selenium.WebDriverException: Failed to connect to binary FirefoxBinary(/Applications/Firefox.app/Contents/MacOS/firefox-bin) on port 7055; process output follows: 
modules/addons/XPIProvider.jsm:1317:26
TaskImpl_run@resource://gre/modules/Task.jsm:314:40
TaskImpl@resource://gre/modules/Task.jsm:275:3
createAsyncFunction/asyncFunction@resource://gre/modules/Task.jsm:249:14
loadManifestFromFile@resource://gre/modules/addons/XPIProvider.jsm:1327:12
cpAddonInstaller.InstallerService._shouldInstall/<@resource://cmaddoninstaller/installerService.js:321:37
safeCall@resource://gre/modules/AddonManager.jsm:173:5
makeSafe/<@resource://gre/modules/AddonManager.jsm:189:25
Handler.prototype.process@resource://gre/modules/Promise.jsm -> resource://gre/modules/Promise-backend.js:934:23
this.PromiseWalker.walkerLoop@resource://gre/modules/Promise.jsm -> resource://gre/modules/Promise-backend.js:813:7
this.PromiseWalker.scheduleWalkerLoop/<@resource://gre/modules/Promise.jsm -> resource://gre/modules/Promise-backend.js:747:1

*************************
*************************
A coding exception was thrown and uncaught in a Task.

Full message: TypeError: aAddon._installLocation is undefined
Full stack: shouldVerifySignedState@resource://gre/modules/addons/XPIProvider.jsm:1530:1
verifyZipSignedState@resource://gre/modules/addons/XPIProvider.jsm:1556:8
loadManifestFromZipReader@resource://gre/modules/addons/XPIProvider.jsm:1287:31
TaskImpl_run@resource://gre/modules/Task.jsm:314:40
TaskImpl@resource://gre/modules/Task.jsm:275:3
createAsyncFunction/asyncFunction@resource://gre/modules/Task.jsm:249:14
loadManifestFromZipFile@resource://gre/modules/addons/XPIProvider.jsm:1317:26
TaskImpl_run@resource://gre/modules/Task.jsm:314:40
TaskImpl@resource://gre/modules/Task.jsm:275:3
createAsyncFunction/asyncFunction@resource://gre/modules/Task.jsm:249:14
loadManifestFromFile@resource://gre/modules/addons/XPIProvider.jsm:1327:12
cpAddonInstaller.InstallerService._shouldInstall/<@resource://cmaddoninstaller/installerService.js:321:37
safeCall@resource://gre/modules/AddonManager.jsm:173:5
makeSafe/<@resource://gre/modules/AddonManager.jsm:189:25
Handler.prototype.process@resource://gre/modules/Promise.jsm -> resource://gre/modules/Promise-backend.js:934:23
this.PromiseWalker.walkerLoop@resource://gre/modules/Promise.jsm -> resource://gre/modules/Promise-backend.js:813:7
this.PromiseWalker.scheduleWalkerLoop/<@resource://gre/modules/Promise.jsm -> resource://gre/modules/Promise-backend.js:747:1

*************************
*************************
A coding exception was thrown and uncaught in a Task.

Full message: TypeError: aAddon._installLocation is undefined
Full stack: shouldVerifySignedState@resource://gre/modules/addons/XPIProvider.jsm:1530:1
verifyZipSignedState@resource://gre/modules/addons/XPIProvider.jsm:1556:8
loadManifestFromZipReader@resource://gre/modules/addons/XPIProvider.jsm:1287:31
TaskImpl_run@resource://gre/modules/Task.jsm:314:40
TaskImpl@resource://gre/modules/Task.jsm:275:3
createAsyncFunction/asyncFunction@resource://gre/modules/Task.jsm:249:14
loadManifestFromZipFile@resource://gre/modules/addons/XPIProvider.jsm:1317:26
TaskImpl_run@resource://gre/modules/Task.jsm:314:40
TaskImpl@resource://gre/modules/Task.jsm:275:3
createAsyncFunction/asyncFunction@resource://gre/modules/Task.jsm:249:14
loadManifestFromFile@resource://gre/modules/addons/XPIProvider.jsm:1327:12
cpAddonInstaller.InstallerService._shouldInstall/<@resource://cmaddoninstaller/installerService.js:321:37
safeCall@resource://gre/modules/AddonManager.jsm:173:5
makeSafe/<@resource://gre/modules/AddonManager.jsm:189:25
Handler.prototype.process@resource://gre/modules/Promise.jsm -> resource://gre/modules/Promise-backend.js:934:23
this.PromiseWalker.walkerLoop@resource://gre/modules/Promise.jsm -> resource://gre/modules/Promise-backend.js:813:7
this.PromiseWalker.scheduleWalkerLoop/<@resource://gre/modules/Promise.jsm -> resource://gre/modules/Promise-backend.js:747:1

*************************
1457069940211	addons.manager	DEBUG	Starting provider: <unnamed-provider>
1457069940211	addons.manager	DEBUG	Registering shutdown blocker for <unnamed-provider>
1457069940211	addons.manager	DEBUG	Provider finished startup: <unnamed-provider>

Build info: version: '2.44.0', revision: '76d78cf', time: '2014-10-23 20:03:00'
System info: host: 'zhangbingzhendeMacBook-Pro.local', ip: '192.168.0.116', os.name: 'Mac OS X', os.arch: 'x86_64', os.version: '10.10.4', java.version: '1.8.0_51'
Driver info: driver.version: FirefoxDriver
	at org.openqa.selenium.firefox.internal.NewProfileExtensionConnection.start(NewProfileExtensionConnection.java:130)
	at org.openqa.selenium.firefox.FirefoxDriver.startClient(FirefoxDriver.java:246)
	at org.openqa.selenium.remote.RemoteWebDriver.<init>(RemoteWebDriver.java:114)
	at org.openqa.selenium.firefox.FirefoxDriver.<init>(FirefoxDriver.java:191)
	at org.openqa.selenium.firefox.FirefoxDriver.<init>(FirefoxDriver.java:186)
	at org.openqa.selenium.firefox.FirefoxDriver.<init>(FirefoxDriver.java:182)
	at org.openqa.selenium.firefox.FirefoxDriver.<init>(FirefoxDriver.java:95)
	at unit.TestRegister.setUp(TestRegister.java:17)
	at sun.reflect.NativeMethodAccessorImpl.invoke0(Native Method)
	at sun.reflect.NativeMethodAccessorImpl.invoke(NativeMethodAccessorImpl.java:62)
	at sun.reflect.DelegatingMethodAccessorImpl.invoke(DelegatingMethodAccessorImpl.java:43)
	at java.lang.reflect.Method.invoke(Method.java:497)
	at org.testng.internal.MethodInvocationHelper.invokeMethod(MethodInvocationHelper.java:86)
	at org.testng.internal.Invoker.invokeConfigurationMethod(Invoker.java:514)
	at org.testng.internal.Invoker.invokeConfigurations(Invoker.java:215)
	at org.testng.internal.Invoker.invokeConfigurations(Invoker.java:142)
	at org.testng.internal.TestMethodWorker.invokeBeforeClassMethods(TestMethodWorker.java:178)
	at org.testng.internal.TestMethodWorker.run(TestMethodWorker.java:108)
	at org.testng.TestRunner.privateRun(TestRunner.java:782)
	at org.testng.TestRunner.run(TestRunner.java:632)
	at org.testng.SuiteRunner.runTest(SuiteRunner.java:366)
	at org.testng.SuiteRunner.runSequentially(SuiteRunner.java:361)
	at org.testng.SuiteRunner.privateRun(SuiteRunner.java:319)
	at org.testng.SuiteRunner.run(SuiteRunner.java:268)
	at org.testng.SuiteRunnerWorker.runSuite(SuiteRunnerWorker.java:52)
	at org.testng.SuiteRunnerWorker.run(SuiteRunnerWorker.java:86)
	at org.testng.TestNG.runSuitesSequentially(TestNG.java:1244)
	at org.testng.TestNG.runSuitesLocally(TestNG.java:1169)
	at org.testng.TestNG.run(TestNG.java:1064)
	at org.testng.remote.RemoteTestNG.run(RemoteTestNG.java:113)
	at org.testng.remote.RemoteTestNG.initAndRun(RemoteTestNG.java:206)
	at org.testng.remote.RemoteTestNG.main(RemoteTestNG.java:177)
Caused by: org.openqa.selenium.firefox.NotConnectedException: Unable to connect to host 127.0.0.1 on port 7055 after 45000 ms. Firefox console output:
modules/addons/XPIProvider.jsm:1317:26
TaskImpl_run@resource://gre/modules/Task.jsm:314:40
TaskImpl@resource://gre/modules/Task.jsm:275:3
createAsyncFunction/asyncFunction@resource://gre/modules/Task.jsm:249:14
loadManifestFromFile@resource://gre/modules/addons/XPIProvider.jsm:1327:12
cpAddonInstaller.InstallerService._shouldInstall/<@resource://cmaddoninstaller/installerService.js:321:37
safeCall@resource://gre/modules/AddonManager.jsm:173:5
makeSafe/<@resource://gre/modules/AddonManager.jsm:189:25
Handler.prototype.process@resource://gre/modules/Promise.jsm -> resource://gre/modules/Promise-backend.js:934:23
this.PromiseWalker.walkerLoop@resource://gre/modules/Promise.jsm -> resource://gre/modules/Promise-backend.js:813:7
this.PromiseWalker.scheduleWalkerLoop/<@resource://gre/modules/Promise.jsm -> resource://gre/modules/Promise-backend.js:747:1

*************************
*************************
A coding exception was thrown and uncaught in a Task.

Full message: TypeError: aAddon._installLocation is undefined
Full stack: shouldVerifySignedState@resource://gre/modules/addons/XPIProvider.jsm:1530:1
verifyZipSignedState@resource://gre/modules/addons/XPIProvider.jsm:1556:8
loadManifestFromZipReader@resource://gre/modules/addons/XPIProvider.jsm:1287:31
TaskImpl_run@resource://gre/modules/Task.jsm:314:40
TaskImpl@resource://gre/modules/Task.jsm:275:3
createAsyncFunction/asyncFunction@resource://gre/modules/Task.jsm:249:14
loadManifestFromZipFile@resource://gre/modules/addons/XPIProvider.jsm:1317:26
TaskImpl_run@resource://gre/modules/Task.jsm:314:40
TaskImpl@resource://gre/modules/Task.jsm:275:3
createAsyncFunction/asyncFunction@resource://gre/modules/Task.jsm:249:14
loadManifestFromFile@resource://gre/modules/addons/XPIProvider.jsm:1327:12
cpAddonInstaller.InstallerService._shouldInstall/<@resource://cmaddoninstaller/installerService.js:321:37
safeCall@resource://gre/modules/AddonManager.jsm:173:5
makeSafe/<@resource://gre/modules/AddonManager.jsm:189:25
Handler.prototype.process@resource://gre/modules/Promise.jsm -> resource://gre/modules/Promise-backend.js:934:23
this.PromiseWalker.walkerLoop@resource://gre/modules/Promise.jsm -> resource://gre/modules/Promise-backend.js:813:7
this.PromiseWalker.scheduleWalkerLoop/<@resource://gre/modules/Promise.jsm -> resource://gre/modules/Promise-backend.js:747:1

*************************
*************************
A coding exception was thrown and uncaught in a Task.

Full message: TypeError: aAddon._installLocation is undefined
Full stack: shouldVerifySignedState@resource://gre/modules/addons/XPIProvider.jsm:1530:1
verifyZipSignedState@resource://gre/modules/addons/XPIProvider.jsm:1556:8
loadManifestFromZipReader@resource://gre/modules/addons/XPIProvider.jsm:1287:31
TaskImpl_run@resource://gre/modules/Task.jsm:314:40
TaskImpl@resource://gre/modules/Task.jsm:275:3
createAsyncFunction/asyncFunction@resource://gre/modules/Task.jsm:249:14
loadManifestFromZipFile@resource://gre/modules/addons/XPIProvider.jsm:1317:26
TaskImpl_run@resource://gre/modules/Task.jsm:314:40
TaskImpl@resource://gre/modules/Task.jsm:275:3
createAsyncFunction/asyncFunction@resource://gre/modules/Task.jsm:249:14
loadManifestFromFile@resource://gre/modules/addons/XPIProvider.jsm:1327:12
cpAddonInstaller.InstallerService._shouldInstall/<@resource://cmaddoninstaller/installerService.js:321:37
safeCall@resource://gre/modules/AddonManager.jsm:173:5
makeSafe/<@resource://gre/modules/AddonManager.jsm:189:25
Handler.prototype.process@resource://gre/modules/Promise.jsm -> resource://gre/modules/Promise-backend.js:934:23
this.PromiseWalker.walkerLoop@resource://gre/modules/Promise.jsm -> resource://gre/modules/Promise-backend.js:813:7
this.PromiseWalker.scheduleWalkerLoop/<@resource://gre/modules/Promise.jsm -> resource://gre/modules/Promise-backend.js:747:1

*************************
1457069940211	addons.manager	DEBUG	Starting provider: <unnamed-provider>
1457069940211	addons.manager	DEBUG	Registering shutdown blocker for <unnamed-provider>
1457069940211	addons.manager	DEBUG	Provider finished startup: <unnamed-provider>

	at org.openqa.selenium.firefox.internal.NewProfileExtensionConnection.start(NewProfileExtensionConnection.java:118)
	... 31 more
]]>
    </error>
  </testcase> <!-- testLogin -->
</testsuite> <!-- unit.TestRegister -->
